<?xml version="1.0" encoding="UTF-8"?>
<!-- Generated by org.testng.reporters.JUnitXMLReporter -->
<testsuite ignored="0" hostname="Sashas-MacBook-Pro.local" failures="0" tests="14" name="Surefire test" time="7.287" errors="0" timestamp="05 Oct 2020 14:37:23 GMT">
  <testcase classname="FirstApiTest" name="LoginSuccesfull_POST" time="3.264"/>
  <testcase classname="FirstApiTest" name="createUser_POST" time="0.254"/>
  <testcase classname="FirstApiTest" name="deleteUser_PUT" time="0.212"/>
  <testcase classname="FirstApiTest" name="listOfUsers_GET" time="0.383"/>
  <testcase classname="FirstApiTest" name="registerUserUnsuccesfull_POST" time="0.218"/>
  <testcase classname="FirstApiTest" name="registerUser_POST" time="0.235"/>
  <testcase classname="FirstApiTest" name="testGet" time="0.324"/>
  <testcase classname="FirstApiTest" name="testPOST" time="0.363"/>
  <testcase classname="FirstApiTest" name="testPrivat_id1_GET" time="0.529"/>
  <testcase classname="FirstApiTest" name="testPrivat_id5_GET" time="0.569"/>
  <testcase classname="FirstApiTest" name="testWeatherLondon2_GET" time="0.157"/>
  <testcase classname="FirstApiTest" name="testWeatherLondon_GET" time="0.159"/>
  <testcase classname="FirstApiTest" name="updateUser_PUT" time="0.2"/>
  <testcase classname="FirstApiTest" name="userError_GET" time="0.292"/>
</testsuite> <!-- Surefire test -->
