<?xml version="1.0" encoding="UTF-8"?>
<testsuite xmlns:xsi="http://www.w3.org/2001/XMLSchema-instance" xsi:noNamespaceSchemaLocation="https://maven.apache.org/surefire/maven-surefire-plugin/xsd/surefire-test-report.xsd" name="FirstApiTest" time="8.123" tests="14" errors="0" skipped="0" failures="0">
  <properties>
[...]
</properties>
  <testcase name="LoginSuccesfull_POST" classname="FirstApiTest" time="3.263"/>
  <testcase name="createUser_POST" classname="FirstApiTest" time="0.254"/>
  <testcase name="deleteUser_PUT" classname="FirstApiTest" time="0.212"/>
  <testcase name="listOfUsers_GET" classname="FirstApiTest" time="0.385"/>
  <testcase name="registerUserUnsuccesfull_POST" classname="FirstApiTest" time="0.217"/>
  <testcase name="registerUser_POST" classname="FirstApiTest" time="0.235"/>
  <testcase name="testGet" classname="FirstApiTest" time="0.325"/>
  <testcase name="testPOST" classname="FirstApiTest" time="0.362"/>
  <testcase name="testPrivat_id1_GET" classname="FirstApiTest" time="0.528"/>
  <testcase name="testPrivat_id5_GET" classname="FirstApiTest" time="0.569"/>
  <testcase name="testWeatherLondon2_GET" classname="FirstApiTest" time="0.158"/>
  <testcase name="testWeatherLondon_GET" classname="FirstApiTest" time="0.16"/>
  <testcase name="updateUser_PUT" classname="FirstApiTest" time="0.201"/>
  <testcase name="userError_GET" classname="FirstApiTest" time="0.317"/>
</testsuite>