<?xml version="1.0" encoding="UTF-8"?>
<testng-results ignored="0" total="14" passed="14" failed="0" skipped="0">
  <reporter-output>
  </reporter-output>
  <suite started-at="2020-10-05T14:37:15Z" name="Surefire suite" finished-at="2020-10-05T14:37:23Z" duration-ms="7287">
    <groups>
    </groups>
    <test started-at="2020-10-05T14:37:15Z" name="Surefire test" finished-at="2020-10-05T14:37:23Z" duration-ms="7287">
      <class name="FirstApiTest">
        <test-method signature="LoginSuccesfull_POST()[pri:0, instance:FirstApiTest@327120c8]" started-at="2020-10-05T14:37:15Z" name="LoginSuccesfull_POST" finished-at="2020-10-05T14:37:19Z" duration-ms="3264" status="PASS">
          <reporter-output>
          </reporter-output>
        </test-method> <!-- LoginSuccesfull_POST -->
        <test-method signature="createUser_POST()[pri:0, instance:FirstApiTest@327120c8]" started-at="2020-10-05T14:37:19Z" name="createUser_POST" finished-at="2020-10-05T14:37:19Z" duration-ms="254" status="PASS">
          <reporter-output>
          </reporter-output>
        </test-method> <!-- createUser_POST -->
        <test-method signature="deleteUser_PUT()[pri:0, instance:FirstApiTest@327120c8]" started-at="2020-10-05T14:37:19Z" name="deleteUser_PUT" finished-at="2020-10-05T14:37:19Z" duration-ms="212" status="PASS">
          <reporter-output>
          </reporter-output>
        </test-method> <!-- deleteUser_PUT -->
        <test-method signature="listOfUsers_GET()[pri:0, instance:FirstApiTest@327120c8]" started-at="2020-10-05T14:37:19Z" name="listOfUsers_GET" finished-at="2020-10-05T14:37:20Z" duration-ms="383" status="PASS">
          <reporter-output>
          </reporter-output>
        </test-method> <!-- listOfUsers_GET -->
        <test-method signature="registerUserUnsuccesfull_POST()[pri:0, instance:FirstApiTest@327120c8]" started-at="2020-10-05T14:37:20Z" name="registerUserUnsuccesfull_POST" finished-at="2020-10-05T14:37:20Z" duration-ms="218" status="PASS">
          <reporter-output>
          </reporter-output>
        </test-method> <!-- registerUserUnsuccesfull_POST -->
        <test-method signature="registerUser_POST()[pri:0, instance:FirstApiTest@327120c8]" started-at="2020-10-05T14:37:20Z" name="registerUser_POST" finished-at="2020-10-05T14:37:20Z" duration-ms="235" status="PASS">
          <reporter-output>
          </reporter-output>
        </test-method> <!-- registerUser_POST -->
        <test-method signature="testGet()[pri:0, instance:FirstApiTest@327120c8]" started-at="2020-10-05T14:37:20Z" name="testGet" finished-at="2020-10-05T14:37:20Z" duration-ms="324" status="PASS">
          <reporter-output>
          </reporter-output>
        </test-method> <!-- testGet -->
        <test-method signature="testPOST()[pri:0, instance:FirstApiTest@327120c8]" started-at="2020-10-05T14:37:20Z" name="testPOST" finished-at="2020-10-05T14:37:21Z" duration-ms="363" status="PASS">
          <reporter-output>
          </reporter-output>
        </test-method> <!-- testPOST -->
        <test-method signature="testPrivat_id1_GET()[pri:0, instance:FirstApiTest@327120c8]" started-at="2020-10-05T14:37:21Z" name="testPrivat_id1_GET" finished-at="2020-10-05T14:37:21Z" duration-ms="529" status="PASS">
          <reporter-output>
          </reporter-output>
        </test-method> <!-- testPrivat_id1_GET -->
        <test-method signature="testPrivat_id5_GET()[pri:0, instance:FirstApiTest@327120c8]" started-at="2020-10-05T14:37:21Z" name="testPrivat_id5_GET" finished-at="2020-10-05T14:37:22Z" duration-ms="569" status="PASS">
          <reporter-output>
          </reporter-output>
        </test-method> <!-- testPrivat_id5_GET -->
        <test-method signature="testWeatherLondon2_GET()[pri:0, instance:FirstApiTest@327120c8]" started-at="2020-10-05T14:37:22Z" name="testWeatherLondon2_GET" finished-at="2020-10-05T14:37:22Z" duration-ms="157" status="PASS">
          <reporter-output>
          </reporter-output>
        </test-method> <!-- testWeatherLondon2_GET -->
        <test-method signature="testWeatherLondon_GET()[pri:0, instance:FirstApiTest@327120c8]" started-at="2020-10-05T14:37:22Z" name="testWeatherLondon_GET" finished-at="2020-10-05T14:37:22Z" duration-ms="159" status="PASS">
          <reporter-output>
          </reporter-output>
        </test-method> <!-- testWeatherLondon_GET -->
        <test-method signature="updateUser_PUT()[pri:0, instance:FirstApiTest@327120c8]" started-at="2020-10-05T14:37:22Z" name="updateUser_PUT" finished-at="2020-10-05T14:37:22Z" duration-ms="200" status="PASS">
          <reporter-output>
          </reporter-output>
        </test-method> <!-- updateUser_PUT -->
        <test-method signature="userError_GET()[pri:0, instance:FirstApiTest@327120c8]" started-at="2020-10-05T14:37:22Z" name="userError_GET" finished-at="2020-10-05T14:37:23Z" duration-ms="292" status="PASS">
          <reporter-output>
          </reporter-output>
        </test-method> <!-- userError_GET -->
      </class> <!-- FirstApiTest -->
    </test> <!-- Surefire test -->
  </suite> <!-- Surefire suite -->
</testng-results>
