<?xml version="1.0" encoding="UTF-8"?>
<testsuite xmlns:xsi="http://www.w3.org/2001/XMLSchema-instance" xsi:noNamespaceSchemaLocation="https://maven.apache.org/surefire/maven-surefire-plugin/xsd/surefire-test-report.xsd" name="FirstApiTest" time="7.023" tests="9" errors="0" skipped="0" failures="1">
  <properties>
[...]
</properties>
  <testcase name="listOfUsers_GET" classname="FirstApiTest" time="2.345"/>
  <testcase name="registerUser_POST" classname="FirstApiTest" time="0.329"/>
  <testcase name="testGet" classname="FirstApiTest" time="0.339"/>
  <testcase name="testPOST" classname="FirstApiTest" time="0.374"/>
  <testcase name="testPrivat_id1_GET" classname="FirstApiTest" time="1.121"/>
  <testcase name="testPrivat_id5_GET" classname="FirstApiTest" time="0.548"/>
  <testcase name="testWeatherLondon2_GET" classname="FirstApiTest" time="0.24">
    <failure message="1 expectation failed.&#10;JSON path weather.id[0] doesn&apos;t match.&#10;Expected: &lt;501&gt;&#10;  Actual: 500&#10;" type="java.lang.AssertionError"><![CDATA[java.lang.AssertionError: 
1 expectation failed.
JSON path weather.id[0] doesn't match.
Expected: <501>
  Actual: 500

	at FirstApiTest.testWeatherLondon2_GET(FirstApiTest.java:84)
]]></failure>
    <system-out><![CDATA[Request method:	GET
Request URI:	http://api.openweathermap.org/data/2.5/weather?q=London&appid=3f100ad70d16bc8fc6b5cbd43eacdb08
Proxy:			<none>
Request params:	<none>
Query params:	<none>
Form params:	<none>
Path params:	<none>
Headers:		Accept=*/*
Cookies:		<none>
Multiparts:		<none>
Body:			<none>
HTTP/1.1 200 OK
Server: openresty
Date: Fri, 02 Oct 2020 10:16:31 GMT
Content-Type: application/json; charset=utf-8
Content-Length: 484
Connection: keep-alive
X-Cache-Key: /data/2.5/weather?q=london
Access-Control-Allow-Origin: *
Access-Control-Allow-Credentials: true
Access-Control-Allow-Methods: GET, POST

{
    "coord": {
        "lon": -0.13,
        "lat": 51.51
    },
    "weather": [
        {
            "id": 500,
            "main": "Rain",
            "description": "light rain",
            "icon": "10d"
        }
    ],
    "base": "stations",
    "main": {
        "temp": 285.09,
        "feels_like": 279.66,
        "temp_min": 284.26,
        "temp_max": 285.37,
        "pressure": 988,
        "humidity": 82
    },
    "visibility": 10000,
    "wind": {
        "speed": 7.43,
        "deg": 90
    },
    "rain": {
        "1h": 0.75
    },
    "clouds": {
        "all": 100
    },
    "dt": 1601633239,
    "sys": {
        "type": 3,
        "id": 268730,
        "country": "GB",
        "sunrise": 1601618593,
        "sunset": 1601660167
    },
    "timezone": 3600,
    "id": 2643743,
    "name": "London",
    "cod": 200
}
]]></system-out>
  </testcase>
  <testcase name="testWeatherLondon_GET" classname="FirstApiTest" time="0.247"/>
  <testcase name="userError_GET" classname="FirstApiTest" time="0.571"/>
</testsuite>